<?xml version="1.0" encoding="UTF-8"?>
<testng-results ignored="0" total="9" passed="9" failed="0" skipped="0">
  <reporter-output>
  </reporter-output>
  <suite started-at="2020-09-08T22:37:28Z" name="Default suite" finished-at="2020-09-08T22:37:28Z" duration-ms="163">
    <groups>
    </groups>
    <test started-at="2020-09-08T22:37:28Z" name="Default test" finished-at="2020-09-08T22:37:28Z" duration-ms="163">
      <class name="h2k.testng.TestNGMultipleDataProviderExample">
        <test-method signature="testAddMethod(int, int, int)[pri:0, instance:h2k.testng.TestNGMultipleDataProviderExample@6ed3ccb2]" started-at="2020-09-08T22:37:28Z" name="testAddMethod" data-provider="addMethodDataProvider" finished-at="2020-09-08T22:37:28Z" duration-ms="19" status="PASS">
          <params>
            <param index="0">
              <value>
                <![CDATA[2]]>
              </value>
            </param>
            <param index="1">
              <value>
                <![CDATA[5]]>
              </value>
            </param>
            <param index="2">
              <value>
                <![CDATA[7]]>
              </value>
            </param>
          </params>
          <reporter-output>
          </reporter-output>
        </test-method> <!-- testAddMethod -->
        <test-method signature="testAddMethod(int, int, int)[pri:0, instance:h2k.testng.TestNGMultipleDataProviderExample@6ed3ccb2]" started-at="2020-09-08T22:37:28Z" name="testAddMethod" data-provider="addMethodDataProvider" finished-at="2020-09-08T22:37:28Z" duration-ms="13" status="PASS">
          <params>
            <param index="0">
              <value>
                <![CDATA[3]]>
              </value>
            </param>
            <param index="1">
              <value>
                <![CDATA[7]]>
              </value>
            </param>
            <param index="2">
              <value>
                <![CDATA[10]]>
              </value>
            </param>
          </params>
          <reporter-output>
          </reporter-output>
        </test-method> <!-- testAddMethod -->
        <test-method signature="testAddMethod(int, int, int)[pri:0, instance:h2k.testng.TestNGMultipleDataProviderExample@6ed3ccb2]" started-at="2020-09-08T22:37:28Z" name="testAddMethod" data-provider="addMethodDataProvider" finished-at="2020-09-08T22:37:28Z" duration-ms="6" status="PASS">
          <params>
            <param index="0">
              <value>
                <![CDATA[4]]>
              </value>
            </param>
            <param index="1">
              <value>
                <![CDATA[5]]>
              </value>
            </param>
            <param index="2">
              <value>
                <![CDATA[9]]>
              </value>
            </param>
          </params>
          <reporter-output>
          </reporter-output>
        </test-method> <!-- testAddMethod -->
        <test-method signature="testMultiplyMethod(int, int, int)[pri:0, instance:h2k.testng.TestNGMultipleDataProviderExample@6ed3ccb2]" started-at="2020-09-08T22:37:28Z" name="testMultiplyMethod" data-provider="multiplyMethodDataProvider" finished-at="2020-09-08T22:37:28Z" duration-ms="3" status="PASS">
          <params>
            <param index="0">
              <value>
                <![CDATA[2]]>
              </value>
            </param>
            <param index="1">
              <value>
                <![CDATA[5]]>
              </value>
            </param>
            <param index="2">
              <value>
                <![CDATA[10]]>
              </value>
            </param>
          </params>
          <reporter-output>
          </reporter-output>
        </test-method> <!-- testMultiplyMethod -->
        <test-method signature="testMultiplyMethod(int, int, int)[pri:0, instance:h2k.testng.TestNGMultipleDataProviderExample@6ed3ccb2]" started-at="2020-09-08T22:37:28Z" name="testMultiplyMethod" data-provider="multiplyMethodDataProvider" finished-at="2020-09-08T22:37:28Z" duration-ms="5" status="PASS">
          <params>
            <param index="0">
              <value>
                <![CDATA[3]]>
              </value>
            </param>
            <param index="1">
              <value>
                <![CDATA[7]]>
              </value>
            </param>
            <param index="2">
              <value>
                <![CDATA[21]]>
              </value>
            </param>
          </params>
          <reporter-output>
          </reporter-output>
        </test-method> <!-- testMultiplyMethod -->
        <test-method signature="testMultiplyMethod(int, int, int)[pri:0, instance:h2k.testng.TestNGMultipleDataProviderExample@6ed3ccb2]" started-at="2020-09-08T22:37:28Z" name="testMultiplyMethod" data-provider="multiplyMethodDataProvider" finished-at="2020-09-08T22:37:28Z" duration-ms="1" status="PASS">
          <params>
            <param index="0">
              <value>
                <![CDATA[4]]>
              </value>
            </param>
            <param index="1">
              <value>
                <![CDATA[5]]>
              </value>
            </param>
            <param index="2">
              <value>
                <![CDATA[20]]>
              </value>
            </param>
          </params>
          <reporter-output>
          </reporter-output>
        </test-method> <!-- testMultiplyMethod -->
        <test-method signature="testSubtractMethod(int, int, int)[pri:0, instance:h2k.testng.TestNGMultipleDataProviderExample@6ed3ccb2]" started-at="2020-09-08T22:37:28Z" name="testSubtractMethod" data-provider="subtractMethodDataProvider" finished-at="2020-09-08T22:37:28Z" duration-ms="2" status="PASS">
          <params>
            <param index="0">
              <value>
                <![CDATA[2]]>
              </value>
            </param>
            <param index="1">
              <value>
                <![CDATA[5]]>
              </value>
            </param>
            <param index="2">
              <value>
                <![CDATA[-3]]>
              </value>
            </param>
          </params>
          <reporter-output>
          </reporter-output>
        </test-method> <!-- testSubtractMethod -->
        <test-method signature="testSubtractMethod(int, int, int)[pri:0, instance:h2k.testng.TestNGMultipleDataProviderExample@6ed3ccb2]" started-at="2020-09-08T22:37:28Z" name="testSubtractMethod" data-provider="subtractMethodDataProvider" finished-at="2020-09-08T22:37:28Z" duration-ms="10" status="PASS">
          <params>
            <param index="0">
              <value>
                <![CDATA[3]]>
              </value>
            </param>
            <param index="1">
              <value>
                <![CDATA[7]]>
              </value>
            </param>
            <param index="2">
              <value>
                <![CDATA[-4]]>
              </value>
            </param>
          </params>
          <reporter-output>
          </reporter-output>
        </test-method> <!-- testSubtractMethod -->
        <test-method signature="testSubtractMethod(int, int, int)[pri:0, instance:h2k.testng.TestNGMultipleDataProviderExample@6ed3ccb2]" started-at="2020-09-08T22:37:28Z" name="testSubtractMethod" data-provider="subtractMethodDataProvider" finished-at="2020-09-08T22:37:28Z" duration-ms="1" status="PASS">
          <params>
            <param index="0">
              <value>
                <![CDATA[24]]>
              </value>
            </param>
            <param index="1">
              <value>
                <![CDATA[5]]>
              </value>
            </param>
            <param index="2">
              <value>
                <![CDATA[19]]>
              </value>
            </param>
          </params>
          <reporter-output>
          </reporter-output>
        </test-method> <!-- testSubtractMethod -->
      </class> <!-- h2k.testng.TestNGMultipleDataProviderExample -->
    </test> <!-- Default test -->
  </suite> <!-- Default suite -->
</testng-results>
