<?xml version="1.0" encoding="UTF-8"?>
<testng-results ignored="0" total="1" passed="1" failed="0" skipped="0">
  <reporter-output>
  </reporter-output>
  <suite started-at="2020-09-09T15:39:06Z" name="Default suite" finished-at="2020-09-09T15:39:06Z" duration-ms="56">
    <groups>
    </groups>
    <test started-at="2020-09-09T15:39:06Z" name="Default test" finished-at="2020-09-09T15:39:06Z" duration-ms="56">
      <class name="h2k.testng.ModifyFileForGithub">
        <test-method signature="modify()[pri:0, instance:h2k.testng.ModifyFileForGithub@7eac9008]" started-at="2020-09-09T15:39:06Z" name="modify" finished-at="2020-09-09T15:39:06Z" duration-ms="14" status="PASS">
          <reporter-output>
          </reporter-output>
        </test-method> <!-- modify -->
      </class> <!-- h2k.testng.ModifyFileForGithub -->
    </test> <!-- Default test -->
  </suite> <!-- Default suite -->
</testng-results>
